This is pdfTeX, Version 3.1415926-2.3-1.40.12 (TeX Live 2011) (format=pdflatex 2012.2.7)  1 FEB 2013 13:27
entering extended mode
 restricted \write18 enabled.
 %&-line parsing enabled.
**pfc.tex
(./pfc.tex
LaTeX2e <2009/09/24>
Babel <v3.8l> and hyphenation patterns for english, dumylang, nohyphenation, ge
rman-x-2009-06-19, ngerman-x-2009-06-19, afrikaans, ancientgreek, ibycus, arabi
c, armenian, basque, bulgarian, catalan, pinyin, coptic, croatian, czech, danis
h, dutch, ukenglish, usenglishmax, esperanto, estonian, ethiopic, farsi, finnis
h, french, galician, german, ngerman, swissgerman, monogreek, greek, hungarian,
 icelandic, assamese, bengali, gujarati, hindi, kannada, malayalam, marathi, or
iya, panjabi, tamil, telugu, indonesian, interlingua, irish, italian, kurmanji,
 lao, latin, latvian, lithuanian, mongolian, mongolianlmc, bokmal, nynorsk, pol
ish, portuguese, romanian, russian, sanskrit, serbian, serbianc, slovak, sloven
ian, spanish, swedish, turkish, turkmen, ukrainian, uppersorbian, welsh, loaded
.
(./itsas_pfc.cls
Document Class: itsas_pfc 2007/03/06 Itsas document class
(/usr/local/texlive/2011/texmf-dist/tex/latex/base/bk11.clo
File: bk11.clo 2007/10/19 v1.4h Standard LaTeX file (size option)
)
\c@part=\count79
\c@chapter=\count80
\c@section=\count81
\c@subsection=\count82
\c@subsubsection=\count83
\c@paragraph=\count84
\c@subparagraph=\count85
\c@figure=\count86
\c@table=\count87
\abovecaptionskip=\skip41
\belowcaptionskip=\skip42
\bibindent=\dimen102
)
(/usr/local/texlive/2011/texmf-dist/tex/latex/base/inputenc.sty
Package: inputenc 2008/03/30 v1.1d Input encoding file
\inpenc@prehook=\toks14
\inpenc@posthook=\toks15

(/usr/local/texlive/2011/texmf-dist/tex/latex/base/latin1.def
File: latin1.def 2008/03/30 v1.1d Input encoding file
))
(/usr/local/texlive/2011/texmf-dist/tex/latex/tools/longtable.sty
Package: longtable 2004/02/01 v4.11 Multi-page Table package (DPC)
\LTleft=\skip43
\LTright=\skip44
\LTpre=\skip45
\LTpost=\skip46
\LTchunksize=\count88
\LTcapwidth=\dimen103
\LT@head=\box26
\LT@firsthead=\box27
\LT@foot=\box28
\LT@lastfoot=\box29
\LT@cols=\count89
\LT@rows=\count90
\c@LT@tables=\count91
\c@LT@chunks=\count92
\LT@p@ftn=\toks16
)
(/usr/local/texlive/2011/texmf-dist/tex/latex/tools/array.sty
Package: array 2008/09/09 v2.4c Tabular extension package (FMi)
\col@sep=\dimen104
\extrarowheight=\dimen105
\NC@list=\toks17
\extratabsurround=\skip47
\backup@length=\skip48
)
(/usr/local/texlive/2011/texmf-dist/tex/latex/url/url.sty
\Urlmuskip=\muskip10
Package: url 2006/04/12  ver 3.3  Verb mode for urls, etc.
)
(/usr/local/texlive/2011/texmf-dist/tex/latex/amsfonts/amsfonts.sty
Package: amsfonts 2009/06/22 v3.00 Basic AMSFonts support
\@emptytoks=\toks18
\symAMSa=\mathgroup4
\symAMSb=\mathgroup5
LaTeX Font Info:    Overwriting math alphabet `\mathfrak' in version `bold'
(Font)                  U/euf/m/n --> U/euf/b/n on input line 96.
)
(/usr/local/texlive/2011/texmf-dist/tex/generic/babel/babel.sty
Package: babel 2008/07/06 v3.8l The Babel package

(/usr/local/texlive/2011/texmf-dist/tex/generic/babel/spanish.ldf
Language: spanish.ldf 2009/01/02 v5.0h Spanish support from the babel system

(/usr/local/texlive/2011/texmf-dist/tex/generic/babel/babel.def
File: babel.def 2008/07/06 v3.8l Babel common definitions
\babel@savecnt=\count93
\U@D=\dimen106
)
\es@datefmt=\count94
\es@quottoks=\toks19
\es@quotdepth=\count95
Package babel Info: Making " an active character on input line 492.
Package babel Info: Making . an active character on input line 585.
Package babel Info: Making < an active character on input line 630.
Package babel Info: Making > an active character on input line 630.
Package babel Info: Making ' an active character on input line 657.
))
(/usr/local/texlive/2011/texmf-dist/tex/latex/base/fontenc.sty
Package: fontenc 2005/09/27 v1.99g Standard LaTeX package

(/usr/local/texlive/2011/texmf-dist/tex/latex/base/t1enc.def
File: t1enc.def 2005/09/27 v1.99g Standard LaTeX file
LaTeX Font Info:    Redeclaring font encoding T1 on input line 43.
))
(./config/pfc_options.tex
(/usr/local/texlive/2011/texmf-dist/tex/latex/fancyhdr/fancyhdr.sty
\fancy@headwidth=\skip49
\f@ncyO@elh=\skip50
\f@ncyO@erh=\skip51
\f@ncyO@olh=\skip52
\f@ncyO@orh=\skip53
\f@ncyO@elf=\skip54
\f@ncyO@erf=\skip55
\f@ncyO@olf=\skip56
\f@ncyO@orf=\skip57
)
(/usr/local/texlive/2011/texmf-dist/tex/latex/graphics/color.sty
Package: color 2005/11/14 v1.0j Standard LaTeX Color (DPC)

(/usr/local/texlive/2011/texmf-dist/tex/latex/latexconfig/color.cfg
File: color.cfg 2007/01/18 v1.5 color configuration of teTeX/TeXLive
)
Package color Info: Driver file: pdftex.def on input line 130.

(/usr/local/texlive/2011/texmf-dist/tex/latex/pdftex-def/pdftex.def
File: pdftex.def 2011/05/27 v0.06d Graphics/color for pdfTeX

(/usr/local/texlive/2011/texmf-dist/tex/generic/oberdiek/infwarerr.sty
Package: infwarerr 2010/04/08 v1.3 Providing info/warning/message (HO)
)
(/usr/local/texlive/2011/texmf-dist/tex/generic/oberdiek/ltxcmds.sty
Package: ltxcmds 2011/04/18 v1.20 LaTeX kernel commands for general use (HO)
)
\Gread@gobject=\count96
))
(/usr/local/texlive/2011/texmf-dist/tex/latex/rotating/rotating.sty
Package: rotating 2009/03/28 v2.16a rotated objects in LaTeX

(/usr/local/texlive/2011/texmf-dist/tex/latex/graphics/graphicx.sty
Package: graphicx 1999/02/16 v1.0f Enhanced LaTeX Graphics (DPC,SPQR)

(/usr/local/texlive/2011/texmf-dist/tex/latex/graphics/keyval.sty
Package: keyval 1999/03/16 v1.13 key=value parser (DPC)
\KV@toks@=\toks20
)
(/usr/local/texlive/2011/texmf-dist/tex/latex/graphics/graphics.sty
Package: graphics 2009/02/05 v1.0o Standard LaTeX Graphics (DPC,SPQR)

(/usr/local/texlive/2011/texmf-dist/tex/latex/graphics/trig.sty
Package: trig 1999/03/16 v1.09 sin cos tan (DPC)
)
(/usr/local/texlive/2011/texmf-dist/tex/latex/latexconfig/graphics.cfg
File: graphics.cfg 2010/04/23 v1.9 graphics configuration of TeX Live
)
Package graphics Info: Driver file: pdftex.def on input line 91.
)
\Gin@req@height=\dimen107
\Gin@req@width=\dimen108
)
(/usr/local/texlive/2011/texmf-dist/tex/latex/base/ifthen.sty
Package: ifthen 2001/05/26 v1.1c Standard LaTeX ifthen package (DPC)
)
\c@r@tfl@t=\count97
\rotFPtop=\skip58
\rotFPbot=\skip59
\rot@float@box=\box30
\rot@mess@toks=\toks21
)
(/usr/local/texlive/2011/texmf-dist/tex/latex/minitoc/minitoc.sty
Package: minitoc 2008/07/16 v60 Package minitoc (JPFD)

(/usr/local/texlive/2011/texmf-dist/tex/latex/minitoc/mtcmess.sty
Package: mtcmess 2006/03/14
)
Package minitoc Info: I0001
(minitoc)             *** minitoc package, version 60 ***.
\tf@mtc=\write3
\mtcindent=\skip60
\mtcskipamount=\skip61
Package minitoc Info: I0005
(minitoc)             compatible with hyperref.
Package minitoc Info: I0023
(minitoc)             part level macros available.
Package minitoc Info: I0003
(minitoc)             chapter level macros available.
\mtc@toks=\toks22
\mtc@strutbox=\box31
\mtc@hstrutbox=\box32
Package minitoc Info: I0002
(minitoc)             Autoconfiguration of extensions.
\openout3 = `pfc.mtc0'.

\openout3 = `pfc.mtc'.

 (./pfc.mtc0)
Package minitoc Info: I0012
(minitoc)             Long extensions (Unix-like) will be used.
Package minitoc Info: I0031
(minitoc)             ==> this version is configured for UNIX-like 
(minitoc)                 (long extensions) file names.
\openout3 = `pfc.mtc'.

\openout3 = `pfc.mtc0'.

\c@mtc=\count98
\c@minitocdepth=\count99
\c@ptc=\count100
\c@parttocdepth=\count101
\ptcindent=\skip62
Package minitoc Info: I0010
(minitoc)             The english language is selected.
(minitoc)              on input line 4910.
(/usr/local/texlive/2011/texmf-dist/tex/latex/minitoc/english.mld
File: english.mld 2006/01/13
)
(/usr/local/texlive/2011/texmf-dist/tex/latex/minitoc/english.mld
File: english.mld 2006/01/13
))
(/usr/local/texlive/2011/texmf-dist/tex/generic/epsf/epsf.sty
This is `epsf.tex' v2.7.4 <14 February 2011>
\epsffilein=\read1
\epsfframemargin=\dimen109
\epsfframethickness=\dimen110
\epsfrsize=\dimen111
\epsftmp=\dimen112
\epsftsize=\dimen113
\epsfxsize=\dimen114
\epsfysize=\dimen115
\pspoints=\dimen116
) (/usr/local/texlive/2011/texmf-dist/tex/latex/textpos/textpos.sty
Package: textpos 2010/09/30 v1.7g

Package: `textpos' 1.7g <2010 September 30>
(/usr/local/texlive/2011/texmf-dist/tex/latex/ms/everyshi.sty
Package: everyshi 2001/05/15 v3.00 EveryShipout Package (MS)
)
\TP@textbox=\box33
\TP@holdbox=\box34
\TPHorizModule=\dimen117
\TPVertModule=\dimen118
\TP@margin=\dimen119
\TP@absmargin=\dimen120

Grid set 16 x 16 = 37.34424pt x 52.81541pt
\TPboxrulesize=\dimen121
\TP@ox=\dimen122
\TP@oy=\dimen123
\TP@tbargs=\toks23
\TP@prevdepth=\dimen124
TextBlockOrigin set to 0pt x 0pt
)) (./config/rename.tex) (./pfc.aux

LaTeX Warning: Label `fig:planning' multiply defined.


LaTeX Warning: Label `sec:emfvf:req' multiply defined.

)
\openout1 = `pfc.aux'.

LaTeX Font Info:    Checking defaults for OML/cmm/m/it on input line 52.
LaTeX Font Info:    ... okay on input line 52.
LaTeX Font Info:    Checking defaults for T1/cmr/m/n on input line 52.
LaTeX Font Info:    ... okay on input line 52.
LaTeX Font Info:    Checking defaults for OT1/cmr/m/n on input line 52.
LaTeX Font Info:    ... okay on input line 52.
LaTeX Font Info:    Checking defaults for OMS/cmsy/m/n on input line 52.
LaTeX Font Info:    ... okay on input line 52.
LaTeX Font Info:    Checking defaults for OMX/cmex/m/n on input line 52.
LaTeX Font Info:    ... okay on input line 52.
LaTeX Font Info:    Checking defaults for U/cmr/m/n on input line 52.
LaTeX Font Info:    ... okay on input line 52.
 (/usr/local/texlive/2011/texmf-dist/tex/context/base/supp-pdf.mkii
[Loading MPS to PDF converter (version 2006.09.02).]
\scratchcounter=\count102
\scratchdimen=\dimen125
\scratchbox=\box35
\nofMPsegments=\count103
\nofMParguments=\count104
\everyMPshowfont=\toks24
\MPscratchCnt=\count105
\MPscratchDim=\dimen126
\MPnumerator=\count106
\makeMPintoPDFobject=\count107
\everyMPtoPDFconversion=\toks25
) (/usr/local/texlive/2011/texmf-dist/tex/generic/oberdiek/pdftexcmds.sty
Package: pdftexcmds 2011/04/22 v0.16 Utilities of pdfTeX for LuaTeX (HO)

(/usr/local/texlive/2011/texmf-dist/tex/generic/oberdiek/ifluatex.sty
Package: ifluatex 2010/03/01 v1.3 Provides the ifluatex switch (HO)
Package ifluatex Info: LuaTeX not detected.
)
(/usr/local/texlive/2011/texmf-dist/tex/generic/oberdiek/ifpdf.sty
Package: ifpdf 2011/01/30 v2.3 Provides the ifpdf switch (HO)
Package ifpdf Info: pdfTeX in PDF mode is detected.
)
Package pdftexcmds Info: LuaTeX not detected.
Package pdftexcmds Info: \pdf@primitive is available.
Package pdftexcmds Info: \pdf@ifprimitive is available.
Package pdftexcmds Info: \pdfdraftmode found.
)
(/usr/local/texlive/2011/texmf-dist/tex/latex/oberdiek/epstopdf-base.sty
Package: epstopdf-base 2010/02/09 v2.5 Base part for package epstopdf

(/usr/local/texlive/2011/texmf-dist/tex/latex/oberdiek/grfext.sty
Package: grfext 2010/08/19 v1.1 Managing graphics extensions (HO)

(/usr/local/texlive/2011/texmf-dist/tex/generic/oberdiek/kvdefinekeys.sty
Package: kvdefinekeys 2011/04/07 v1.3 Defining keys (HO)
))
(/usr/local/texlive/2011/texmf-dist/tex/latex/oberdiek/kvoptions.sty
Package: kvoptions 2010/12/23 v3.10 Keyval support for LaTeX options (HO)

(/usr/local/texlive/2011/texmf-dist/tex/generic/oberdiek/kvsetkeys.sty
Package: kvsetkeys 2011/04/07 v1.13 Key value parser (HO)

(/usr/local/texlive/2011/texmf-dist/tex/generic/oberdiek/etexcmds.sty
Package: etexcmds 2011/02/16 v1.5 Prefix for e-TeX command names (HO)
Package etexcmds Info: Could not find \expanded.
(etexcmds)             That can mean that you are not using pdfTeX 1.50 or
(etexcmds)             that some package has redefined \expanded.
(etexcmds)             In the latter case, load this package earlier.
)))
Package grfext Info: Graphics extension search list:
(grfext)             [.png,.pdf,.jpg,.mps,.jpeg,.jbig2,.jb2,.PNG,.PDF,.JPG,.JPE
G,.JBIG2,.JB2,.eps]
(grfext)             \AppendGraphicsExtensions on input line 452.

(/usr/local/texlive/2011/texmf-dist/tex/latex/latexconfig/epstopdf-sys.cfg
File: epstopdf-sys.cfg 2010/07/13 v1.3 Configuration of (r)epstopdf for TeX Liv
e
))
Package minitoc(hints) Info: I0049
(minitoc(hints))             ==> You requested the hints option. 
(minitoc(hints))             Some hints are eventually given below.

ABD: EveryShipout initializing macros (./config/begin.tex) (./config/toc.tex
Package minitoc Info: I0024
(minitoc)             PREPARING MINITOCS FROM pfc.toc on input line 2.
Package minitoc Info: I0033
(minitoc)             Writing pfc.mtc1.
\openout3 = `pfc.mtc1'.

Package minitoc Info: I0033
(minitoc)             Writing pfc.mtc2.
\openout3 = `pfc.mtc2'.

Package minitoc Info: I0033
(minitoc)             Writing pfc.mtc3.
\openout3 = `pfc.mtc3'.

Package minitoc Info: I0033
(minitoc)             Writing pfc.mtc4.
\openout3 = `pfc.mtc4'.

Package minitoc Info: I0033
(minitoc)             Writing pfc.mtc5.
\openout3 = `pfc.mtc5'.

Package minitoc Info: I0033
(minitoc)             Writing pfc.mtc6.
\openout3 = `pfc.mtc6'.

Package minitoc Info: I0033
(minitoc)             Writing pfc.mtc7.
\openout3 = `pfc.mtc7'.


(./pfc.toc
LaTeX Font Info:    Try loading font information for U+msa on input line 3.
 (/usr/local/texlive/2011/texmf-dist/tex/latex/amsfonts/umsa.fd
File: umsa.fd 2009/06/22 v3.00 AMS symbols A
)
LaTeX Font Info:    Try loading font information for U+msb on input line 3.

(/usr/local/texlive/2011/texmf-dist/tex/latex/amsfonts/umsb.fd
File: umsb.fd 2009/06/22 v3.00 AMS symbols B
))
\tf@toc=\write4
\openout4 = `pfc.toc'.

 [1


{/usr/local/texlive/2011/texmf-var/fonts/map/pdftex/updmap/pdftex.map}] [2

] (./pfc.lof)
\tf@lof=\write5
\openout5 = `pfc.lof'.


[3] [4

] (./pfc.lot)
\tf@lot=\write6
\openout6 = `pfc.lot'.

 [5] [6

]) (./Config/headers.tex) (./config/chapters.tex)
(./introduction/introduction.tex
Cap\'{\i }tulo 1.
\openout3 = `pfc.mtc'.

\openout3 = `pfc.mtc'.

(./pfc.mtc1) (./introduction/theIntroduction.tex [1


] [2]

LaTeX Warning: Command \' invalid in math mode on input line 46.


LaTeX Warning: Command \' invalid in math mode on input line 46.

Missing character: There is no Ó in font cmr10!
Missing character: There is no ó in font cmr10!

Overfull \hbox (39.55186pt too wide) in paragraph at lines 46--47
\T1/cmr/m/n/10.95 res-tric-ción an-te-rior-men-te ex-pues-ta po-dría es-pe-ci-f
i-car-se co-mo $\OML/cmm/m/it/10.95 CalculoRutasptimas \OMS/cmsy/m/n/10.95 )
 []

[3]) (./introduction/sle.tex [4]
Package epstopdf Info: Source file: <introduction/slefig.eps>
(epstopdf)                    date: 2013-01-31 19:38:19
(epstopdf)                    size: 1036721 bytes
(epstopdf)             Output file: <introduction/slefig-eps-converted-to.pdf>
(epstopdf)                    date: 2013-01-31 19:38:40
(epstopdf)                    size: 16890 bytes
(epstopdf)             Command: <repstopdf --outfile=introduction/slefig-eps-co
nverted-to.pdf introduction/slefig.eps>
(epstopdf)             \includegraphics on input line 16.
Package epstopdf Info: Output file is already uptodate.

<introduction/slefig-eps-converted-to.pdf, id=47, 652.4375pt x 261.97874pt>
File: introduction/slefig-eps-converted-to.pdf Graphic file (type pdf)

<use introduction/slefig-eps-converted-to.pdf>
Package pdftex.def Info: introduction/slefig-eps-converted-to.pdf used on input
 line 16.
(pdftex.def)             Requested size: 326.21794pt x 130.98904pt.
 [5 <./introduction/slefig-eps-converted-to.pdf>]
Package epstopdf Info: Source file: <background/abstracta.eps>
(epstopdf)                    date: 2013-01-31 16:14:48
(epstopdf)                    size: 1412107 bytes
(epstopdf)             Output file: <background/abstracta-eps-converted-to.pdf>

(epstopdf)                    date: 2013-01-31 16:14:49
(epstopdf)                    size: 28290 bytes
(epstopdf)             Command: <repstopdf --outfile=background/abstracta-eps-c
onverted-to.pdf background/abstracta.eps>
(epstopdf)             \includegraphics on input line 67.
Package epstopdf Info: Output file is already uptodate.

<background/abstracta-eps-converted-to.pdf, id=55, 582.175pt x 400.49625pt>
File: background/abstracta-eps-converted-to.pdf Graphic file (type pdf)

<use background/abstracta-eps-converted-to.pdf>
Package pdftex.def Info: background/abstracta-eps-converted-to.pdf used on inpu
t line 67.
(pdftex.def)             Requested size: 291.08679pt x 200.24763pt.
Package epstopdf Info: Source file: <background/concretaHabilidad.eps>
(epstopdf)                    date: 2013-01-31 20:57:29
(epstopdf)                    size: 2917549 bytes
(epstopdf)             Output file: <background/concretaHabilidad-eps-converted
-to.pdf>
(epstopdf)                    date: 2013-01-31 20:57:54
(epstopdf)                    size: 54130 bytes
(epstopdf)             Command: <repstopdf --outfile=background/concretaHabilid
ad-eps-converted-to.pdf background/concretaHabilidad.eps>
(epstopdf)             \includegraphics on input line 92.
Package epstopdf Info: Output file is already uptodate.

<background/concretaHabilidad-eps-converted-to.pdf, id=56, 1016.79875pt x 474.7
7374pt>
File: background/concretaHabilidad-eps-converted-to.pdf Graphic file (type pdf)

 <use background/concretaHabilidad-eps-converted-to.pdf>
Package pdftex.def Info: background/concretaHabilidad-eps-converted-to.pdf used
 on input line 92.
(pdftex.def)             Requested size: 406.7123pt x 189.90613pt.

Overfull \hbox (46.7123pt too wide) in paragraph at lines 92--93
[][] 
 []

[6 <./background/abstracta-eps-converted-to.pdf>]
Package epstopdf Info: Source file: <background/grafoHabilidad.eps>
(epstopdf)                    date: 2013-01-31 20:22:15
(epstopdf)                    size: 998117 bytes
(epstopdf)             Output file: <background/grafoHabilidad-eps-converted-to
.pdf>
(epstopdf)                    date: 2013-01-31 20:23:53
(epstopdf)                    size: 16884 bytes
(epstopdf)             Command: <repstopdf --outfile=background/grafoHabilidad-
eps-converted-to.pdf background/grafoHabilidad.eps>
(epstopdf)             \includegraphics on input line 122.
Package epstopdf Info: Output file is already uptodate.

<background/grafoHabilidad-eps-converted-to.pdf, id=63, 569.12625pt x 289.08pt>
File: background/grafoHabilidad-eps-converted-to.pdf Graphic file (type pdf)
<use background/grafoHabilidad-eps-converted-to.pdf>
Package pdftex.def Info: background/grafoHabilidad-eps-converted-to.pdf used on
 input line 122.
(pdftex.def)             Requested size: 284.56242pt x 144.53964pt.

Underfull \vbox (badness 1354) has occurred while \output is active []

 [7 <./background/concretaHabilidad-eps-converted-to.pdf>]

LaTeX Warning: Reference `fig:sle:sintaxisTextual' on page 8 undefined on input
 line 131.

Package epstopdf Info: Source file: <background/grafoTextual.eps>
(epstopdf)                    date: 2013-02-01 13:26:55
(epstopdf)                    size: 1347009 bytes
(epstopdf)             Output file: <background/grafoTextual-eps-converted-to.p
df>
(epstopdf)                    date: 2013-02-01 13:27:12
(epstopdf)                    size: 56699 bytes
(epstopdf)             Command: <repstopdf --outfile=background/grafoTextual-ep
s-converted-to.pdf background/grafoTextual.eps>
(epstopdf)             \includegraphics on input line 134.
Package epstopdf Info: Output file is already uptodate.

<background/grafoTextual-eps-converted-to.pdf, id=71, 539.01375pt x 412.54124pt
>
File: background/grafoTextual-eps-converted-to.pdf Graphic file (type pdf)
 <use background/grafoTextual-eps-converted-to.pdf>
Package pdftex.def Info: background/grafoTextual-eps-converted-to.pdf used on i
nput line 134.
(pdftex.def)             Requested size: 161.70537pt x 123.76332pt.
 [8 <./background/grafoHabilidad-eps-converted-to.pdf>] [9 <./background/grafoT
extual-eps-converted-to.pdf>]) (./planificacion/theplanificacion.tex
Package epstopdf Info: Source file: <planificacion/planning.eps>
(epstopdf)                    date: 2013-01-31 16:14:51
(epstopdf)                    size: 664742 bytes
(epstopdf)             Output file: <planificacion/planning-eps-converted-to.pd
f>
(epstopdf)                    date: 2013-01-31 16:14:51
(epstopdf)                    size: 69142 bytes
(epstopdf)             Command: <repstopdf --outfile=planificacion/planning-eps
-converted-to.pdf planificacion/planning.eps>
(epstopdf)             \includegraphics on input line 20.
Package epstopdf Info: Output file is already uptodate.

<planificacion/planning-eps-converted-to.pdf, id=84, 387.4475pt x 474.77374pt>
File: planificacion/planning-eps-converted-to.pdf Graphic file (type pdf)

<use planificacion/planning-eps-converted-to.pdf>
Package pdftex.def Info: planificacion/planning-eps-converted-to.pdf used on in
put line 20.
(pdftex.def)             Requested size: 286.71257pt x 351.3343pt.
 [10]
Underfull \vbox (badness 2261) has occurred while \output is active []

 [11 <./planificacion/planning-eps-converted-to.pdf>])) (./background/backgroun
d.tex
[12]
Cap\'{\i }tulo 2.
\openout3 = `pfc.mtc'.

\openout3 = `pfc.mtc'.

(./pfc.mtc2) (./background/ecore.tex [13


]) (./background/emftext.tex
Package epstopdf Info: Source file: <background/gramatica.eps>
(epstopdf)                    date: 2013-01-31 16:14:49
(epstopdf)                    size: 1534739 bytes
(epstopdf)             Output file: <background/gramatica-eps-converted-to.pdf>

(epstopdf)                    date: 2013-01-31 16:15:44
(epstopdf)                    size: 121210 bytes
(epstopdf)             Command: <repstopdf --outfile=background/gramatica-eps-c
onverted-to.pdf background/gramatica.eps>
(epstopdf)             \includegraphics on input line 19.
Package epstopdf Info: Output file is already uptodate.

<background/gramatica-eps-converted-to.pdf, id=101, 631.35875pt x 401.5pt>
File: background/gramatica-eps-converted-to.pdf Graphic file (type pdf)

<use background/gramatica-eps-converted-to.pdf>
Package pdftex.def Info: background/gramatica-eps-converted-to.pdf used on inpu
t line 19.
(pdftex.def)             Requested size: 315.6786pt x 200.7495pt.
) [14]
(./background/features.tex

LaTeX Warning: Reference `' on page 15 undefined on input line 9.


LaTeX Warning: Reference `' on page 15 undefined on input line 9.


LaTeX Warning: Reference `' on page 15 undefined on input line 9.


LaTeX Warning: Reference `' on page 15 undefined on input line 9.

[15 <./background/gramatica-eps-converted-to.pdf>]

LaTeX Warning: Reference `' on page 16 undefined on input line 19.


Underfull \hbox (badness 10000) in paragraph at lines 25--26

 []

Package epstopdf Info: Source file: <background/relations.eps>
(epstopdf)                    date: 2013-01-31 16:14:48
(epstopdf)                    size: 504970 bytes
(epstopdf)             Output file: <background/relations-eps-converted-to.pdf>

(epstopdf)                    date: 2013-01-31 16:14:49
(epstopdf)                    size: 21569 bytes
(epstopdf)             Command: <repstopdf --outfile=background/relations-eps-c
onverted-to.pdf background/relations.eps>
(epstopdf)             \includegraphics on input line 28.
Package epstopdf Info: Output file is already uptodate.

<background/relations-eps-converted-to.pdf, id=111, 1033.8625pt x 239.89626pt>
File: background/relations-eps-converted-to.pdf Graphic file (type pdf)

<use background/relations-eps-converted-to.pdf>
Package pdftex.def Info: background/relations-eps-converted-to.pdf used on inpu
t line 28.
(pdftex.def)             Requested size: 361.8573pt x 83.96494pt.

Overfull \hbox (1.8573pt too wide) in paragraph at lines 28--29
[][] 
 []

[16 <./background/relations-eps-converted-to.pdf>]
Underfull \hbox (badness 10000) in paragraph at lines 43--44

 []

Package epstopdf Info: Source file: <background/featuremodel.eps>
(epstopdf)                    date: 2013-01-31 16:14:49
(epstopdf)                    size: 1522984 bytes
(epstopdf)             Output file: <background/featuremodel-eps-converted-to.p
df>
(epstopdf)                    date: 2013-01-31 16:15:46
(epstopdf)                    size: 59670 bytes
(epstopdf)             Command: <repstopdf --outfile=background/featuremodel-ep
s-converted-to.pdf background/featuremodel.eps>
(epstopdf)             \includegraphics on input line 48.
Package epstopdf Info: Output file is already uptodate.

<background/featuremodel-eps-converted-to.pdf, id=118, 838.13126pt x 300.12125p
t>
File: background/featuremodel-eps-converted-to.pdf Graphic file (type pdf)
 <use background/featuremodel-eps-converted-to.pdf>
Package pdftex.def Info: background/featuremodel-eps-converted-to.pdf used on i
nput line 48.
(pdftex.def)             Requested size: 419.0646pt x 150.06026pt.

Overfull \hbox (59.0646pt too wide) in paragraph at lines 48--49
[][] 
 []

Package epstopdf Info: Source file: <background/configuration.eps>
(epstopdf)                    date: 2013-01-31 16:14:48
(epstopdf)                    size: 1634746 bytes
(epstopdf)             Output file: <background/configuration-eps-converted-to.
pdf>
(epstopdf)                    date: 2013-01-31 16:14:49
(epstopdf)                    size: 68162 bytes
(epstopdf)             Command: <repstopdf --outfile=background/configuration-e
ps-converted-to.pdf background/configuration.eps>
(epstopdf)             \includegraphics on input line 58.
Package epstopdf Info: Output file is already uptodate.

<background/configuration-eps-converted-to.pdf, id=119, 879.285pt x 307.1475pt>
File: background/configuration-eps-converted-to.pdf Graphic file (type pdf)
<use background/configuration-eps-converted-to.pdf>
Package pdftex.def Info: background/configuration-eps-converted-to.pdf used on 
input line 58.
(pdftex.def)             Requested size: 439.64143pt x 153.57336pt.

Overfull \hbox (79.64143pt too wide) in paragraph at lines 58--59
[][] 
 []

) (./background/eplugins.tex
Underfull \vbox (badness 1496) has occurred while \output is active []

 [17 <./background/featuremodel-eps-converted-to.pdf>])) (./planificacion/plani
ficacion.tex [18 <./background/configuration-eps-converted-to.pdf>]
Cap\'{\i }tulo 3.
\openout3 = `pfc.mtc'.

\openout3 = `pfc.mtc'.

(./pfc.mtc3) (./planificacion/theplanificacion.tex
Package epstopdf Info: Source file: <planificacion/planning.eps>
(epstopdf)                    date: 2013-01-31 16:14:51
(epstopdf)                    size: 664742 bytes
(epstopdf)             Output file: <planificacion/planning-eps-converted-to.pd
f>
(epstopdf)                    date: 2013-01-31 16:14:51
(epstopdf)                    size: 69142 bytes
(epstopdf)             Command: <repstopdf --outfile=planificacion/planning-eps
-converted-to.pdf planificacion/planning.eps>
(epstopdf)             \includegraphics on input line 20.
Package epstopdf Info: Output file is already uptodate.
File: planificacion/planning-eps-converted-to.pdf Graphic file (type pdf)

<use planificacion/planning-eps-converted-to.pdf>
Package pdftex.def Info: planificacion/planning-eps-converted-to.pdf used on in
put line 20.
(pdftex.def)             Requested size: 286.71257pt x 351.3343pt.
 [19


]
Underfull \vbox (badness 5359) has occurred while \output is active []

 [20]))
(./metamodelo/metamodelo.tex [21] [22

]
Cap\'{\i }tulo 4.
\openout3 = `pfc.mtc'.

\openout3 = `pfc.mtc'.

(./pfc.mtc4) (./metamodelo/requisitos.tex
Underfull \hbox (badness 10000) in paragraph at lines 13--14

 []

[23

]
Package epstopdf Info: Source file: <metamodelo/featuremodel.eps>
(epstopdf)                    date: 2013-01-31 16:14:50
(epstopdf)                    size: 1522984 bytes
(epstopdf)             Output file: <metamodelo/featuremodel-eps-converted-to.p
df>
(epstopdf)                    date: 2013-01-31 16:14:50
(epstopdf)                    size: 59670 bytes
(epstopdf)             Command: <repstopdf --outfile=metamodelo/featuremodel-ep
s-converted-to.pdf metamodelo/featuremodel.eps>
(epstopdf)             \includegraphics on input line 22.
Package epstopdf Info: Output file is already uptodate.

<metamodelo/featuremodel-eps-converted-to.pdf, id=148, 838.13126pt x 300.12125p
t>
File: metamodelo/featuremodel-eps-converted-to.pdf Graphic file (type pdf)
 <use metamodelo/featuremodel-eps-converted-to.pdf>
Package pdftex.def Info: metamodelo/featuremodel-eps-converted-to.pdf used on i
nput line 22.
(pdftex.def)             Requested size: 419.0646pt x 150.06026pt.

Overfull \hbox (59.0646pt too wide) in paragraph at lines 22--23
[][] 
 []

) (./metamodelo/creacion.tex
Underfull \vbox (badness 3179) has occurred while \output is active []

 [24 <./metamodelo/featuremodel-eps-converted-to.pdf>] [25]
Package epstopdf Info: Source file: <metamodelo/metamodelo.eps>
(epstopdf)                    date: 2013-01-31 16:14:50
(epstopdf)                    size: 3377972 bytes
(epstopdf)             Output file: <metamodelo/metamodelo-eps-converted-to.pdf
>
(epstopdf)                    date: 2013-01-31 16:14:50
(epstopdf)                    size: 128844 bytes
(epstopdf)             Command: <repstopdf --outfile=metamodelo/metamodelo-eps-
converted-to.pdf metamodelo/metamodelo.eps>
(epstopdf)             \includegraphics on input line 24.
Package epstopdf Info: Output file is already uptodate.

<metamodelo/metamodelo-eps-converted-to.pdf, id=160, 1062.97125pt x 525.965pt>
File: metamodelo/metamodelo-eps-converted-to.pdf Graphic file (type pdf)

<use metamodelo/metamodelo-eps-converted-to.pdf>
Package pdftex.def Info: metamodelo/metamodelo-eps-converted-to.pdf used on inp
ut line 24.
(pdftex.def)             Requested size: 425.18097pt x 210.38226pt.

Overfull \hbox (65.18097pt too wide) in paragraph at lines 24--25
[][] 
 []

[26 <./metamodelo/metamodelo-eps-converted-to.pdf>]) (./metamodelo/pruebas.tex
Package epstopdf Info: Source file: <metamodelo/instpruebas.eps>
(epstopdf)                    date: 2013-01-31 16:14:50
(epstopdf)                    size: 418958 bytes
(epstopdf)             Output file: <metamodelo/instpruebas-eps-converted-to.pd
f>
(epstopdf)                    date: 2013-01-31 16:14:50
(epstopdf)                    size: 19742 bytes
(epstopdf)             Command: <repstopdf --outfile=metamodelo/instpruebas-eps
-converted-to.pdf metamodelo/instpruebas.eps>
(epstopdf)             \includegraphics on input line 14.
Package epstopdf Info: Output file is already uptodate.

<metamodelo/instpruebas-eps-converted-to.pdf, id=167, 524.96124pt x 130.4875pt>
File: metamodelo/instpruebas-eps-converted-to.pdf Graphic file (type pdf)
<use metamodelo/instpruebas-eps-converted-to.pdf>
Package pdftex.def Info: metamodelo/instpruebas-eps-converted-to.pdf used on in
put line 14.
(pdftex.def)             Requested size: 314.97917pt x 78.29309pt.
)) [27] (./gramatica/raiz.tex
[28 <./metamodelo/instpruebas-eps-converted-to.pdf>]
Cap\'{\i }tulo 5.
\openout3 = `pfc.mtc'.

\openout3 = `pfc.mtc'.

(./pfc.mtc5) (./gramatica/requisitos.tex
Underfull \hbox (badness 10000) in paragraph at lines 9--10

 []

[29


]
Underfull \hbox (badness 10000) in paragraph at lines 43--44

 []


Underfull \hbox (badness 10000) in paragraph at lines 45--46

 []


Underfull \hbox (badness 10000) in paragraph at lines 51--52

 []

) (./gramatica/design.tex
Package epstopdf Info: Source file: <gramatica/operaciones.eps>
(epstopdf)                    date: 2013-01-31 16:14:51
(epstopdf)                    size: 928071 bytes
(epstopdf)             Output file: <gramatica/operaciones-eps-converted-to.pdf
>
(epstopdf)                    date: 2013-01-31 16:14:51
(epstopdf)                    size: 35792 bytes
(epstopdf)             Command: <repstopdf --outfile=gramatica/operaciones-eps-
converted-to.pdf gramatica/operaciones.eps>
(epstopdf)             \includegraphics on input line 14.
Package epstopdf Info: Output file is already uptodate.

<gramatica/operaciones-eps-converted-to.pdf, id=180, 312.16624pt x 489.83pt>
File: gramatica/operaciones-eps-converted-to.pdf Graphic file (type pdf)

<use gramatica/operaciones-eps-converted-to.pdf>
Package pdftex.def Info: gramatica/operaciones-eps-converted-to.pdf used on inp
ut line 14.
(pdftex.def)             Requested size: 218.51488pt x 342.87866pt.
 [30] [31 <./gramatica/operaciones-eps-converted-to.pdf>]
Overfull \hbox (2.1688pt too wide) in paragraph at lines 25--26
\T1/cmr/m/n/10.95 Bool-Prio-rit-yO-pe-rand1, Bool-Prio-rit-yO-pe-rand2, Num-Pri
o-rit-yO-pe-rand1, Num-
 []

Package epstopdf Info: Source file: <gramatica/iniciogram.eps>
(epstopdf)                    date: 2013-01-31 16:14:50
(epstopdf)                    size: 1307306 bytes
(epstopdf)             Output file: <gramatica/iniciogram-eps-converted-to.pdf>

(epstopdf)                    date: 2013-01-31 16:14:50
(epstopdf)                    size: 34054 bytes
(epstopdf)             Command: <repstopdf --outfile=gramatica/iniciogram-eps-c
onverted-to.pdf gramatica/iniciogram.eps>
(epstopdf)             \includegraphics on input line 30.
Package epstopdf Info: Output file is already uptodate.
<gramatica/iniciogram-eps-converted-to.pdf, id=192, 621.32124pt x 347.2975pt>
File: gramatica/iniciogram-eps-converted-to.pdf Graphic file (type pdf)

<use gramatica/iniciogram-eps-converted-to.pdf>
Package pdftex.def Info: gramatica/iniciogram-eps-converted-to.pdf used on inpu
t line 30.
(pdftex.def)             Requested size: 434.9219pt x 243.10658pt.

Overfull \hbox (74.9219pt too wide) in paragraph at lines 30--31
[][] 
 []

[32 <./gramatica/iniciogram-eps-converted-to.pdf>]) (./gramatica/pruebas.tex
Package epstopdf Info: Source file: <gramatica/oppruebas.eps>
(epstopdf)                    date: 2013-01-31 16:14:50
(epstopdf)                    size: 1699364 bytes
(epstopdf)             Output file: <gramatica/oppruebas-eps-converted-to.pdf>
(epstopdf)                    date: 2013-01-31 16:14:50
(epstopdf)                    size: 112540 bytes
(epstopdf)             Command: <repstopdf --outfile=gramatica/oppruebas-eps-co
nverted-to.pdf gramatica/oppruebas.eps>
(epstopdf)             \includegraphics on input line 10.
Package epstopdf Info: Output file is already uptodate.

<gramatica/oppruebas-eps-converted-to.pdf, id=199, 902.37125pt x 311.1625pt>
File: gramatica/oppruebas-eps-converted-to.pdf Graphic file (type pdf)

<use gramatica/oppruebas-eps-converted-to.pdf>
Package pdftex.def Info: gramatica/oppruebas-eps-converted-to.pdf used on input
 line 10.
(pdftex.def)             Requested size: 451.18452pt x 155.58087pt.

Overfull \hbox (91.18452pt too wide) in paragraph at lines 10--11
[][] 
 []

[33 <./gramatica/oppruebas-eps-converted-to.pdf>])) (./emfvf/raiz.tex [34]
Cap\'{\i }tulo 6.
\openout3 = `pfc.mtc'.

\openout3 = `pfc.mtc'.

(./pfc.mtc6) (./emfvf/requisitos.tex [35


]) (./emfvf/implementacion.tex [36]))
(./semantica/raiz.tex [37] [38

]
Cap\'{\i }tulo 7.
\openout3 = `pfc.mtc'.

\openout3 = `pfc.mtc'.

(./pfc.mtc7) (./semantica/interfaz.tex
Package epstopdf Info: Source file: <semantica/editor.eps>
(epstopdf)                    date: 2013-01-31 16:14:51
(epstopdf)                    size: 5302408 bytes
(epstopdf)             Output file: <semantica/editor-eps-converted-to.pdf>
(epstopdf)                    date: 2013-01-31 16:14:51
(epstopdf)                    size: 216144 bytes
(epstopdf)             Command: <repstopdf --outfile=semantica/editor-eps-conve
rted-to.pdf semantica/editor.eps>
(epstopdf)             \includegraphics on input line 14.
Package epstopdf Info: Output file is already uptodate.

<semantica/editor-eps-converted-to.pdf, id=222, 1282.7925pt x 684.5575pt>
File: semantica/editor-eps-converted-to.pdf Graphic file (type pdf)

<use semantica/editor-eps-converted-to.pdf>
Package pdftex.def Info: semantica/editor-eps-converted-to.pdf used on input li
ne 14.
(pdftex.def)             Requested size: 436.14368pt x 232.74646pt.

Overfull \hbox (76.14368pt too wide) in paragraph at lines 14--15
[][] 
 []

[39

]
Package epstopdf Info: Source file: <semantica/boton.eps>
(epstopdf)                    date: 2013-01-31 16:14:51
(epstopdf)                    size: 457237 bytes
(epstopdf)             Output file: <semantica/boton-eps-converted-to.pdf>
(epstopdf)                    date: 2013-01-31 16:14:51
(epstopdf)                    size: 27787 bytes
(epstopdf)             Command: <repstopdf --outfile=semantica/boton-eps-conver
ted-to.pdf semantica/boton.eps>
(epstopdf)             \includegraphics on input line 24.
Package epstopdf Info: Output file is already uptodate.
 <semantica/boton-eps-converted-to.pdf, id=226, 454.69875pt x 164.615pt>
File: semantica/boton-eps-converted-to.pdf Graphic file (type pdf)

<use semantica/boton-eps-converted-to.pdf>
Package pdftex.def Info: semantica/boton-eps-converted-to.pdf used on input lin
e 24.
(pdftex.def)             Requested size: 336.47874pt x 121.81569pt.
)
Underfull \vbox (badness 1226) has occurred while \output is active []

 [40 <./semantica/editor-eps-converted-to.pdf> <./semantica/boton-eps-converted
-to.pdf>]
(./semantica/semantica.tex [41]))
Package minitoc Info: I0009
(minitoc)             Listing minitoc auxiliary files. 
(minitoc)             Creating the pfc.maf file.
\openout3 = `pfc.maf'.

Package minitoc(hints) Info: I0019
(minitoc(hints))             No hints have been written 
(minitoc(hints))             in the pfc.log file..
 [42] (./pfc.aux)

LaTeX Warning: There were undefined references.


LaTeX Warning: There were multiply-defined labels.

 ) 
Here is how much of TeX's memory you used:
 4914 strings out of 493633
 68278 string characters out of 3143378
 143135 words of memory out of 3000000
 7772 multiletter control sequences out of 15000+200000
 23140 words of font info for 57 fonts, out of 3000000 for 9000
 832 hyphenation exceptions out of 8191
 38i,12n,43p,1129b,429s stack positions out of 5000i,500n,10000p,200000b,50000s
{/usr/local/texlive/2011/texmf-dist/fonts/enc/dvips/cm-super/cm-super-t1.enc}
</usr/local/texlive/2011/texmf-dist/fonts/type1/public/amsfonts/cm/cmmi10.pfb><
/usr/local/texlive/2011/texmf-dist/fonts/type1/public/amsfonts/cm/cmr10.pfb></u
sr/local/texlive/2011/texmf-dist/fonts/type1/public/amsfonts/cm/cmsy10.pfb></us
r/local/texlive/2011/texmf-dist/fonts/type1/public/cm-super/sfbl1095.pfb></usr/
local/texlive/2011/texmf-dist/fonts/type1/public/cm-super/sfbx1000.pfb></usr/lo
cal/texlive/2011/texmf-dist/fonts/type1/public/cm-super/sfbx1095.pfb></usr/loca
l/texlive/2011/texmf-dist/fonts/type1/public/cm-super/sfbx1200.pfb></usr/local/
texlive/2011/texmf-dist/fonts/type1/public/cm-super/sfbx1440.pfb></usr/local/te
xlive/2011/texmf-dist/fonts/type1/public/cm-super/sfbx2074.pfb></usr/local/texl
ive/2011/texmf-dist/fonts/type1/public/cm-super/sfbx2488.pfb></usr/local/texliv
e/2011/texmf-dist/fonts/type1/public/cm-super/sfrm0800.pfb></usr/local/texlive/
2011/texmf-dist/fonts/type1/public/cm-super/sfrm0900.pfb></usr/local/texlive/20
11/texmf-dist/fonts/type1/public/cm-super/sfrm1095.pfb></usr/local/texlive/2011
/texmf-dist/fonts/type1/public/cm-super/sfsl1095.pfb></usr/local/texlive/2011/t
exmf-dist/fonts/type1/public/cm-super/sfti1095.pfb>
Output written on pfc.pdf (48 pages, 1458953 bytes).
PDF statistics:
 293 PDF objects out of 1000 (max. 8388607)
 190 compressed objects within 2 object streams
 0 named destinations out of 1000 (max. 500000)
 91 words of extra memory for PDF output out of 10000 (max. 10000000)

